SonarQube plugins:
  - Python Code Quality and Security 3.1.0.7619 (python)
  - CSS Code Quality and Security 1.3.1.1642 (cssfamily)
  - JaCoCo 1.1.0.898 (jacoco)
  - SonarGo 1.6.0.719 (go)
  - SonarKotlin 1.5.0.315 (kotlin)
  - JavaScript/TypeScript Code Quality and Security 6.5.0.13383 (javascript)
  - SonarRuby 1.5.0.315 (ruby)
  - SonarScala 1.5.0.315 (sonarscala)
  - C# Code Quality and Security 8.13.1.21947 (csharp)
  - Java Code Quality and Security 6.8.0.23379 (java)
  - SonarHTML 3.2.0.2082 (web)
  - SonarFlex 2.5.1.1831 (flex)
  - SonarXML 2.0.1.2020 (xml)
  - PHP Code Quality and Security 3.9.0.6331 (php)
  - VB.NET Code Quality and Security 8.13.1.21947 (vbnet)
Global server settings:
  - sonar.core.id=BF41A1F2-AXXTF3l2jGsaqErKZuRS
  - sonar.core.startTime=2020-11-16T22:05:22+0000
Project server settings:
Project scanner properties:
  - sonar.exclusions=node_modules/**,**/*.spec.ts,dist/**,**/docs/**,**/*.js,e2e/**,coverage/**,TLH-distributions/**,src/bsb-theme/css/**,config/**,tests/**,utilities/**,models/**,services/**,emails/**,app.js,index.js,jest.config.js,jest.setup.js,test.js
  - sonar.host.url=http://localhost:9000
  - sonar.login=******
  - sonar.projectBaseDir=/Users/mac/nibbs
  - sonar.projectKey=nibbs
  - sonar.projectName=nibbs
  - sonar.projectVersion=1.0
  - sonar.scanner.app=ScannerCLI
  - sonar.scanner.appVersion=4.5.0.2216
  - sonar.scm.provider=svn
  - sonar.sourceEncoding=UTF-8
  - sonar.sources=/Users/mac/nibbs
  - sonar.ts.tslint.configPath=tslint.json
  - sonar.typescript.lcov.reportPaths=coverage/lcov.info
  - sonar.verbose=true
  - sonar.working.directory=/Users/mac/nibbs/.scannerwork
